20:10:45.151 INFO [main] org.lenskit.cli.Main: Starting LensKit 3.0-M1 on Java 1.8.0_171 from Oracle Corporation
20:10:45.171 DEBUG [main] org.lenskit.LenskitInfo: have 5573 active revisions
20:10:45.176 DEBUG [main] org.lenskit.cli.Main: Built from Git revision c0210fa3281ef8b15b0959bcd5fced43c5fec38a
20:10:45.176 DEBUG [main] org.lenskit.cli.Main: Using VM 'Java HotSpot(TM) 64-Bit Server VM' version 25.171-b11 from Oracle Corporation
20:10:45.176 INFO [main] org.lenskit.cli.Main: Have 8 processors and heap limit of 3641 MiB
20:10:45.191 INFO [main] org.lenskit.cli.util.RecommenderLoader: creating fresh recommender
20:10:45.426 INFO [main] org.lenskit.config.ConfigurationLoader: loading script from file:/Users/panzichen/Recommender%20System/Cousera%20Specialization/HW/01/Non-Personalizd%20Recommender%20Assignment/nonpers-assignment/etc/damped-mean.groovy
20:10:45.907 DEBUG [main] org.lenskit.data.dao.file.TextEntitySource: loading source ratings with base URI file:/Users/panzichen/Recommender%20System/Cousera%20Specialization/HW/01/Non-Personalizd%20Recommender%20Assignment/nonpers-assignment/data/movielens.yml
20:10:45.908 DEBUG [main] org.lenskit.data.dao.file.TextEntitySource: resolved file URI: file:/Users/panzichen/Recommender%20System/Cousera%20Specialization/HW/01/Non-Personalizd%20Recommender%20Assignment/nonpers-assignment/data/ratings.csv
20:10:45.914 INFO [main] org.lenskit.data.dao.file.TextEntitySource: loading text file source ratings to read from file:/Users/panzichen/Recommender%20System/Cousera%20Specialization/HW/01/Non-Personalizd%20Recommender%20Assignment/nonpers-assignment/data/ratings.csv
20:10:45.918 DEBUG [main] org.lenskit.data.dao.file.TextEntitySource: ratings: using delimiter ,
20:10:45.919 DEBUG [main] org.lenskit.data.dao.file.TextEntitySource: ratings: reading header
20:10:45.919 DEBUG [main] org.lenskit.data.dao.file.TextEntitySource: ratings: reading entities of type EntityType[rating]
20:10:45.953 DEBUG [main] org.lenskit.data.dao.file.TextEntitySource: class org.lenskit.data.ratings.RatingBuilder: using entity builder {}
20:10:45.954 DEBUG [main] org.lenskit.data.dao.file.TextEntitySource: loading source movies with base URI file:/Users/panzichen/Recommender%20System/Cousera%20Specialization/HW/01/Non-Personalizd%20Recommender%20Assignment/nonpers-assignment/data/movielens.yml
20:10:45.954 DEBUG [main] org.lenskit.data.dao.file.TextEntitySource: resolved file URI: file:/Users/panzichen/Recommender%20System/Cousera%20Specialization/HW/01/Non-Personalizd%20Recommender%20Assignment/nonpers-assignment/data/movies.csv
20:10:45.954 INFO [main] org.lenskit.data.dao.file.TextEntitySource: loading text file source movies to read from file:/Users/panzichen/Recommender%20System/Cousera%20Specialization/HW/01/Non-Personalizd%20Recommender%20Assignment/nonpers-assignment/data/movies.csv
20:10:45.954 DEBUG [main] org.lenskit.data.dao.file.TextEntitySource: movies: using delimiter ,
20:10:45.954 DEBUG [main] org.lenskit.data.dao.file.TextEntitySource: movies: reading header
20:10:45.954 DEBUG [main] org.lenskit.data.dao.file.TextEntitySource: movies: reading entities of type EntityType[item]
20:10:45.954 DEBUG [main] org.lenskit.data.dao.file.TextEntitySource: class org.lenskit.data.entities.BasicEntityBuilder: using entity builder {}
20:10:45.954 DEBUG [main] org.lenskit.data.dao.file.TextEntitySource: loading source tags with base URI file:/Users/panzichen/Recommender%20System/Cousera%20Specialization/HW/01/Non-Personalizd%20Recommender%20Assignment/nonpers-assignment/data/movielens.yml
20:10:45.954 DEBUG [main] org.lenskit.data.dao.file.TextEntitySource: resolved file URI: file:/Users/panzichen/Recommender%20System/Cousera%20Specialization/HW/01/Non-Personalizd%20Recommender%20Assignment/nonpers-assignment/data/tags.csv
20:10:45.954 INFO [main] org.lenskit.data.dao.file.TextEntitySource: loading text file source tags to read from file:/Users/panzichen/Recommender%20System/Cousera%20Specialization/HW/01/Non-Personalizd%20Recommender%20Assignment/nonpers-assignment/data/tags.csv
20:10:45.954 DEBUG [main] org.lenskit.data.dao.file.TextEntitySource: tags: using delimiter ,
20:10:45.955 DEBUG [main] org.lenskit.data.dao.file.TextEntitySource: tags: reading header
20:10:45.955 DEBUG [main] org.lenskit.data.dao.file.TextEntitySource: tags: reading entities of type EntityType[item-tag]
20:10:45.955 DEBUG [main] org.lenskit.data.dao.file.TextEntitySource: class org.lenskit.data.entities.BasicEntityBuilder: using entity builder {}
20:10:45.957 DEBUG [main] org.lenskit.LenskitRecommenderEngineBuilder: building graph from 3 configurations
20:10:46.006 DEBUG [main] org.lenskit.inject.RecommenderInstantiator: replacing nodes in graph with 10 nodes
20:10:46.010 DEBUG [main] org.lenskit.inject.RecommenderInstantiator: found 6 shared nodes
20:10:46.816 INFO [main] org.lenskit.data.dao.file.StaticDataSource: deriving entity type EntityType[user] from EntityType[rating] (column TypedName[user: long])
20:10:46.888 INFO [main] org.lenskit.data.dao.file.StaticDataSource: deriving entity type EntityType[item] from EntityType[rating] (column TypedName[item: long])
20:10:46.974 DEBUG [main] org.lenskit.data.entities.EntityCollectionBuilder: built collection of 2500 entities with type EntityType[item] and 2 indexes
20:10:46.996 DEBUG [main] org.lenskit.data.entities.EntityCollectionBuilder: built collection of 264505 entities with type EntityType[rating] and 2 indexes
20:10:47.005 DEBUG [main] org.lenskit.data.entities.EntityCollectionBuilder: built collection of 94875 entities with type EntityType[item-tag] and 2 indexes
20:10:47.006 DEBUG [main] org.lenskit.data.entities.EntityCollectionBuilder: built collection of 862 entities with type EntityType[user] and 2 indexes
20:10:47.098 DEBUG [main] org.lenskit.inject.RecommenderInstantiator: final graph has 10 nodes
20:10:47.099 INFO [main] org.lenskit.cli.util.RecommenderLoader: built recommender in 1.143 s
20:10:47.103 INFO [main] org.lenskit.cli.commands.GlobalRecommend: using 0 reference items: []
20:10:47.104 INFO [main] org.lenskit.mooc.nonpers.mean.MeanItemBasedItemRecommender: computing 10 recommendations from 2500 items
20:10:47.117 INFO [main] org.lenskit.cli.commands.GlobalRecommend: recommended in 14.22 ms
20:10:47.118 INFO [main] org.lenskit.cli.Main: If you use LensKit in published research, please see http://lenskit.org/research/
