19:55:53.304 INFO [main] org.lenskit.cli.Main: Starting LensKit 3.0-M1 on Java 1.8.0_171 from Oracle Corporation
19:55:53.342 DEBUG [main] org.lenskit.LenskitInfo: have 5573 active revisions
19:55:53.347 DEBUG [main] org.lenskit.cli.Main: Built from Git revision c0210fa3281ef8b15b0959bcd5fced43c5fec38a
19:55:53.347 DEBUG [main] org.lenskit.cli.Main: Using VM 'Java HotSpot(TM) 64-Bit Server VM' version 25.171-b11 from Oracle Corporation
19:55:53.347 INFO [main] org.lenskit.cli.Main: Have 8 processors and heap limit of 3641 MiB
19:55:53.360 INFO [main] org.lenskit.cli.util.RecommenderLoader: creating fresh recommender
19:55:53.660 INFO [main] org.lenskit.config.ConfigurationLoader: loading script from file:/Users/panzichen/Recommender%20System/Cousera%20Specialization/HW/01/Non-Personalizd%20Recommender%20Assignment/nonpers-assignment/etc/mean.groovy
19:55:54.170 DEBUG [main] org.lenskit.data.dao.file.TextEntitySource: loading source ratings with base URI file:/Users/panzichen/Recommender%20System/Cousera%20Specialization/HW/01/Non-Personalizd%20Recommender%20Assignment/nonpers-assignment/data/movielens.yml
19:55:54.170 DEBUG [main] org.lenskit.data.dao.file.TextEntitySource: resolved file URI: file:/Users/panzichen/Recommender%20System/Cousera%20Specialization/HW/01/Non-Personalizd%20Recommender%20Assignment/nonpers-assignment/data/ratings.csv
19:55:54.178 INFO [main] org.lenskit.data.dao.file.TextEntitySource: loading text file source ratings to read from file:/Users/panzichen/Recommender%20System/Cousera%20Specialization/HW/01/Non-Personalizd%20Recommender%20Assignment/nonpers-assignment/data/ratings.csv
19:55:54.182 DEBUG [main] org.lenskit.data.dao.file.TextEntitySource: ratings: using delimiter ,
19:55:54.182 DEBUG [main] org.lenskit.data.dao.file.TextEntitySource: ratings: reading header
19:55:54.182 DEBUG [main] org.lenskit.data.dao.file.TextEntitySource: ratings: reading entities of type EntityType[rating]
19:55:54.226 DEBUG [main] org.lenskit.data.dao.file.TextEntitySource: class org.lenskit.data.ratings.RatingBuilder: using entity builder {}
19:55:54.226 DEBUG [main] org.lenskit.data.dao.file.TextEntitySource: loading source movies with base URI file:/Users/panzichen/Recommender%20System/Cousera%20Specialization/HW/01/Non-Personalizd%20Recommender%20Assignment/nonpers-assignment/data/movielens.yml
19:55:54.226 DEBUG [main] org.lenskit.data.dao.file.TextEntitySource: resolved file URI: file:/Users/panzichen/Recommender%20System/Cousera%20Specialization/HW/01/Non-Personalizd%20Recommender%20Assignment/nonpers-assignment/data/movies.csv
19:55:54.226 INFO [main] org.lenskit.data.dao.file.TextEntitySource: loading text file source movies to read from file:/Users/panzichen/Recommender%20System/Cousera%20Specialization/HW/01/Non-Personalizd%20Recommender%20Assignment/nonpers-assignment/data/movies.csv
19:55:54.226 DEBUG [main] org.lenskit.data.dao.file.TextEntitySource: movies: using delimiter ,
19:55:54.226 DEBUG [main] org.lenskit.data.dao.file.TextEntitySource: movies: reading header
19:55:54.227 DEBUG [main] org.lenskit.data.dao.file.TextEntitySource: movies: reading entities of type EntityType[item]
19:55:54.227 DEBUG [main] org.lenskit.data.dao.file.TextEntitySource: class org.lenskit.data.entities.BasicEntityBuilder: using entity builder {}
19:55:54.227 DEBUG [main] org.lenskit.data.dao.file.TextEntitySource: loading source tags with base URI file:/Users/panzichen/Recommender%20System/Cousera%20Specialization/HW/01/Non-Personalizd%20Recommender%20Assignment/nonpers-assignment/data/movielens.yml
19:55:54.227 DEBUG [main] org.lenskit.data.dao.file.TextEntitySource: resolved file URI: file:/Users/panzichen/Recommender%20System/Cousera%20Specialization/HW/01/Non-Personalizd%20Recommender%20Assignment/nonpers-assignment/data/tags.csv
19:55:54.227 INFO [main] org.lenskit.data.dao.file.TextEntitySource: loading text file source tags to read from file:/Users/panzichen/Recommender%20System/Cousera%20Specialization/HW/01/Non-Personalizd%20Recommender%20Assignment/nonpers-assignment/data/tags.csv
19:55:54.227 DEBUG [main] org.lenskit.data.dao.file.TextEntitySource: tags: using delimiter ,
19:55:54.227 DEBUG [main] org.lenskit.data.dao.file.TextEntitySource: tags: reading header
19:55:54.227 DEBUG [main] org.lenskit.data.dao.file.TextEntitySource: tags: reading entities of type EntityType[item-tag]
19:55:54.227 DEBUG [main] org.lenskit.data.dao.file.TextEntitySource: class org.lenskit.data.entities.BasicEntityBuilder: using entity builder {}
19:55:54.232 DEBUG [main] org.lenskit.LenskitRecommenderEngineBuilder: building graph from 3 configurations
19:55:54.294 DEBUG [main] org.lenskit.inject.RecommenderInstantiator: replacing nodes in graph with 9 nodes
19:55:54.298 DEBUG [main] org.lenskit.inject.RecommenderInstantiator: found 5 shared nodes
19:55:55.392 INFO [main] org.lenskit.data.dao.file.StaticDataSource: deriving entity type EntityType[user] from EntityType[rating] (column TypedName[user: long])
19:55:55.493 INFO [main] org.lenskit.data.dao.file.StaticDataSource: deriving entity type EntityType[item] from EntityType[rating] (column TypedName[item: long])
19:55:55.577 DEBUG [main] org.lenskit.data.entities.EntityCollectionBuilder: built collection of 2500 entities with type EntityType[item] and 2 indexes
19:55:55.679 DEBUG [main] org.lenskit.data.entities.EntityCollectionBuilder: built collection of 264505 entities with type EntityType[rating] and 2 indexes
19:55:55.692 DEBUG [main] org.lenskit.data.entities.EntityCollectionBuilder: built collection of 94875 entities with type EntityType[item-tag] and 2 indexes
19:55:55.693 DEBUG [main] org.lenskit.data.entities.EntityCollectionBuilder: built collection of 862 entities with type EntityType[user] and 2 indexes
19:55:55.789 INFO [main] org.lenskit.mooc.nonpers.mean.ItemMeanModelProvider: computed mean ratings for 2500 items
19:55:55.804 DEBUG [main] org.lenskit.inject.RecommenderInstantiator: final graph has 9 nodes
19:55:55.806 INFO [main] org.lenskit.cli.util.RecommenderLoader: built recommender in 1.574 s
19:55:55.812 INFO [main] org.lenskit.cli.commands.GlobalRecommend: using 0 reference items: []
19:55:55.813 INFO [main] org.lenskit.mooc.nonpers.mean.MeanItemBasedItemRecommender: computing 10 recommendations from 2500 items
19:55:55.833 INFO [main] org.lenskit.cli.commands.GlobalRecommend: recommended in 20.54 ms
19:55:55.833 INFO [main] org.lenskit.cli.Main: If you use LensKit in published research, please see http://lenskit.org/research/
