22:54:16.855 INFO [main] org.lenskit.cli.Main: Starting LensKit 3.0-M1 on Java 1.8.0_171 from Oracle Corporation
22:54:16.874 DEBUG [main] org.lenskit.LenskitInfo: have 5573 active revisions
22:54:16.878 DEBUG [main] org.lenskit.cli.Main: Built from Git revision c0210fa3281ef8b15b0959bcd5fced43c5fec38a
22:54:16.879 DEBUG [main] org.lenskit.cli.Main: Using VM 'Java HotSpot(TM) 64-Bit Server VM' version 25.171-b11 from Oracle Corporation
22:54:16.879 INFO [main] org.lenskit.cli.Main: Have 8 processors and heap limit of 3641 MiB
22:54:16.891 INFO [main] org.lenskit.cli.util.RecommenderLoader: creating fresh recommender
22:54:17.101 INFO [main] org.lenskit.config.ConfigurationLoader: loading script from file:/Users/panzichen/Recommender%20System/Cousera%20Specialization/HW/01/Non-Personalizd%20Recommender%20Assignment/nonpers-assignment/etc/simple-assoc.groovy
22:54:17.509 DEBUG [main] org.lenskit.data.dao.file.TextEntitySource: loading source ratings with base URI file:/Users/panzichen/Recommender%20System/Cousera%20Specialization/HW/01/Non-Personalizd%20Recommender%20Assignment/nonpers-assignment/data/movielens.yml
22:54:17.509 DEBUG [main] org.lenskit.data.dao.file.TextEntitySource: resolved file URI: file:/Users/panzichen/Recommender%20System/Cousera%20Specialization/HW/01/Non-Personalizd%20Recommender%20Assignment/nonpers-assignment/data/ratings.csv
22:54:17.516 INFO [main] org.lenskit.data.dao.file.TextEntitySource: loading text file source ratings to read from file:/Users/panzichen/Recommender%20System/Cousera%20Specialization/HW/01/Non-Personalizd%20Recommender%20Assignment/nonpers-assignment/data/ratings.csv
22:54:17.520 DEBUG [main] org.lenskit.data.dao.file.TextEntitySource: ratings: using delimiter ,
22:54:17.520 DEBUG [main] org.lenskit.data.dao.file.TextEntitySource: ratings: reading header
22:54:17.520 DEBUG [main] org.lenskit.data.dao.file.TextEntitySource: ratings: reading entities of type EntityType[rating]
22:54:17.553 DEBUG [main] org.lenskit.data.dao.file.TextEntitySource: class org.lenskit.data.ratings.RatingBuilder: using entity builder {}
22:54:17.554 DEBUG [main] org.lenskit.data.dao.file.TextEntitySource: loading source movies with base URI file:/Users/panzichen/Recommender%20System/Cousera%20Specialization/HW/01/Non-Personalizd%20Recommender%20Assignment/nonpers-assignment/data/movielens.yml
22:54:17.554 DEBUG [main] org.lenskit.data.dao.file.TextEntitySource: resolved file URI: file:/Users/panzichen/Recommender%20System/Cousera%20Specialization/HW/01/Non-Personalizd%20Recommender%20Assignment/nonpers-assignment/data/movies.csv
22:54:17.554 INFO [main] org.lenskit.data.dao.file.TextEntitySource: loading text file source movies to read from file:/Users/panzichen/Recommender%20System/Cousera%20Specialization/HW/01/Non-Personalizd%20Recommender%20Assignment/nonpers-assignment/data/movies.csv
22:54:17.554 DEBUG [main] org.lenskit.data.dao.file.TextEntitySource: movies: using delimiter ,
22:54:17.555 DEBUG [main] org.lenskit.data.dao.file.TextEntitySource: movies: reading header
22:54:17.555 DEBUG [main] org.lenskit.data.dao.file.TextEntitySource: movies: reading entities of type EntityType[item]
22:54:17.555 DEBUG [main] org.lenskit.data.dao.file.TextEntitySource: class org.lenskit.data.entities.BasicEntityBuilder: using entity builder {}
22:54:17.556 DEBUG [main] org.lenskit.data.dao.file.TextEntitySource: loading source tags with base URI file:/Users/panzichen/Recommender%20System/Cousera%20Specialization/HW/01/Non-Personalizd%20Recommender%20Assignment/nonpers-assignment/data/movielens.yml
22:54:17.556 DEBUG [main] org.lenskit.data.dao.file.TextEntitySource: resolved file URI: file:/Users/panzichen/Recommender%20System/Cousera%20Specialization/HW/01/Non-Personalizd%20Recommender%20Assignment/nonpers-assignment/data/tags.csv
22:54:17.556 INFO [main] org.lenskit.data.dao.file.TextEntitySource: loading text file source tags to read from file:/Users/panzichen/Recommender%20System/Cousera%20Specialization/HW/01/Non-Personalizd%20Recommender%20Assignment/nonpers-assignment/data/tags.csv
22:54:17.556 DEBUG [main] org.lenskit.data.dao.file.TextEntitySource: tags: using delimiter ,
22:54:17.556 DEBUG [main] org.lenskit.data.dao.file.TextEntitySource: tags: reading header
22:54:17.556 DEBUG [main] org.lenskit.data.dao.file.TextEntitySource: tags: reading entities of type EntityType[item-tag]
22:54:17.556 DEBUG [main] org.lenskit.data.dao.file.TextEntitySource: class org.lenskit.data.entities.BasicEntityBuilder: using entity builder {}
22:54:17.558 DEBUG [main] org.lenskit.LenskitRecommenderEngineBuilder: building graph from 3 configurations
22:54:17.602 DEBUG [main] org.lenskit.inject.RecommenderInstantiator: replacing nodes in graph with 9 nodes
22:54:17.606 DEBUG [main] org.lenskit.inject.RecommenderInstantiator: found 5 shared nodes
22:54:18.590 INFO [main] org.lenskit.data.dao.file.StaticDataSource: deriving entity type EntityType[user] from EntityType[rating] (column TypedName[user: long])
22:54:18.665 INFO [main] org.lenskit.data.dao.file.StaticDataSource: deriving entity type EntityType[item] from EntityType[rating] (column TypedName[item: long])
22:54:18.693 DEBUG [main] org.lenskit.data.entities.EntityCollectionBuilder: built collection of 2500 entities with type EntityType[item] and 2 indexes
22:54:18.713 DEBUG [main] org.lenskit.data.entities.EntityCollectionBuilder: built collection of 264505 entities with type EntityType[rating] and 2 indexes
22:54:18.721 DEBUG [main] org.lenskit.data.entities.EntityCollectionBuilder: built collection of 94875 entities with type EntityType[item-tag] and 2 indexes
22:54:18.721 DEBUG [main] org.lenskit.data.entities.EntityCollectionBuilder: built collection of 862 entities with type EntityType[user] and 2 indexes
22:54:35.435 DEBUG [main] org.lenskit.mooc.nonpers.assoc.AssociationModel: transforming input map for 2500 items into log data
22:54:35.620 DEBUG [main] org.lenskit.inject.RecommenderInstantiator: final graph has 9 nodes
22:54:35.621 INFO [main] org.lenskit.cli.util.RecommenderLoader: built recommender in 18.06 s
22:54:35.625 INFO [main] org.lenskit.cli.commands.GlobalRecommend: using 1 reference items: [260]
22:54:35.637 INFO [main] org.lenskit.cli.commands.GlobalRecommend: recommended in 12.52 ms
22:54:35.638 INFO [main] org.lenskit.cli.Main: If you use LensKit in published research, please see http://lenskit.org/research/
