23:20:59.289 INFO [main] org.lenskit.cli.Main: Starting LensKit 3.0-M1 on Java 1.8.0_171 from Oracle Corporation
23:20:59.311 DEBUG [main] org.lenskit.LenskitInfo: have 5573 active revisions
23:20:59.316 DEBUG [main] org.lenskit.cli.Main: Built from Git revision c0210fa3281ef8b15b0959bcd5fced43c5fec38a
23:20:59.316 DEBUG [main] org.lenskit.cli.Main: Using VM 'Java HotSpot(TM) 64-Bit Server VM' version 25.171-b11 from Oracle Corporation
23:20:59.316 INFO [main] org.lenskit.cli.Main: Have 8 processors and heap limit of 3641 MiB
23:20:59.328 INFO [main] org.lenskit.cli.util.RecommenderLoader: creating fresh recommender
23:20:59.622 INFO [main] org.lenskit.config.ConfigurationLoader: loading script from file:/Users/panzichen/Recommender%20System/Cousera%20Specialization/HW/03-User-User-Collaborative-Filtering/uu-assignment/etc/user-user.groovy
23:21:00.107 DEBUG [main] org.lenskit.data.dao.file.TextEntitySource: loading source ratings with base URI file:/Users/panzichen/Recommender%20System/Cousera%20Specialization/HW/03-User-User-Collaborative-Filtering/uu-assignment/data/movielens.yml
23:21:00.107 DEBUG [main] org.lenskit.data.dao.file.TextEntitySource: resolved file URI: file:/Users/panzichen/Recommender%20System/Cousera%20Specialization/HW/03-User-User-Collaborative-Filtering/uu-assignment/data/ratings.csv
23:21:00.116 INFO [main] org.lenskit.data.dao.file.TextEntitySource: loading text file source ratings to read from file:/Users/panzichen/Recommender%20System/Cousera%20Specialization/HW/03-User-User-Collaborative-Filtering/uu-assignment/data/ratings.csv
23:21:00.121 DEBUG [main] org.lenskit.data.dao.file.TextEntitySource: ratings: using delimiter ,
23:21:00.121 DEBUG [main] org.lenskit.data.dao.file.TextEntitySource: ratings: reading header
23:21:00.121 DEBUG [main] org.lenskit.data.dao.file.TextEntitySource: ratings: reading entities of type EntityType[rating]
23:21:00.157 DEBUG [main] org.lenskit.data.dao.file.TextEntitySource: class org.lenskit.data.ratings.RatingBuilder: using entity builder {}
23:21:00.158 DEBUG [main] org.lenskit.data.dao.file.TextEntitySource: loading source movies with base URI file:/Users/panzichen/Recommender%20System/Cousera%20Specialization/HW/03-User-User-Collaborative-Filtering/uu-assignment/data/movielens.yml
23:21:00.158 DEBUG [main] org.lenskit.data.dao.file.TextEntitySource: resolved file URI: file:/Users/panzichen/Recommender%20System/Cousera%20Specialization/HW/03-User-User-Collaborative-Filtering/uu-assignment/data/movies.csv
23:21:00.158 INFO [main] org.lenskit.data.dao.file.TextEntitySource: loading text file source movies to read from file:/Users/panzichen/Recommender%20System/Cousera%20Specialization/HW/03-User-User-Collaborative-Filtering/uu-assignment/data/movies.csv
23:21:00.158 DEBUG [main] org.lenskit.data.dao.file.TextEntitySource: movies: using delimiter ,
23:21:00.158 DEBUG [main] org.lenskit.data.dao.file.TextEntitySource: movies: reading header
23:21:00.158 DEBUG [main] org.lenskit.data.dao.file.TextEntitySource: movies: reading entities of type EntityType[item]
23:21:00.158 DEBUG [main] org.lenskit.data.dao.file.TextEntitySource: class org.lenskit.data.entities.BasicEntityBuilder: using entity builder {}
23:21:00.158 DEBUG [main] org.lenskit.data.dao.file.TextEntitySource: loading source tags with base URI file:/Users/panzichen/Recommender%20System/Cousera%20Specialization/HW/03-User-User-Collaborative-Filtering/uu-assignment/data/movielens.yml
23:21:00.158 DEBUG [main] org.lenskit.data.dao.file.TextEntitySource: resolved file URI: file:/Users/panzichen/Recommender%20System/Cousera%20Specialization/HW/03-User-User-Collaborative-Filtering/uu-assignment/data/tags.csv
23:21:00.159 INFO [main] org.lenskit.data.dao.file.TextEntitySource: loading text file source tags to read from file:/Users/panzichen/Recommender%20System/Cousera%20Specialization/HW/03-User-User-Collaborative-Filtering/uu-assignment/data/tags.csv
23:21:00.159 DEBUG [main] org.lenskit.data.dao.file.TextEntitySource: tags: using delimiter ,
23:21:00.159 DEBUG [main] org.lenskit.data.dao.file.TextEntitySource: tags: reading header
23:21:00.159 DEBUG [main] org.lenskit.data.dao.file.TextEntitySource: tags: reading entities of type EntityType[item-tag]
23:21:00.159 DEBUG [main] org.lenskit.data.dao.file.TextEntitySource: class org.lenskit.data.entities.BasicEntityBuilder: using entity builder {}
23:21:00.163 DEBUG [main] org.lenskit.LenskitRecommenderEngineBuilder: building graph from 3 configurations
23:21:00.206 DEBUG [main] org.lenskit.inject.RecommenderInstantiator: replacing nodes in graph with 12 nodes
23:21:00.210 DEBUG [main] org.lenskit.inject.RecommenderInstantiator: found 3 shared nodes
23:21:00.210 DEBUG [main] org.lenskit.inject.RecommenderInstantiator: final graph has 12 nodes
23:21:00.211 INFO [main] org.lenskit.cli.util.RecommenderLoader: built recommender in 48.06 ms
23:21:00.872 INFO [main] org.lenskit.data.dao.file.StaticDataSource: deriving entity type EntityType[user] from EntityType[rating] (column TypedName[user: long])
23:21:00.967 INFO [main] org.lenskit.data.dao.file.StaticDataSource: deriving entity type EntityType[item] from EntityType[rating] (column TypedName[item: long])
23:21:01.062 DEBUG [main] org.lenskit.data.entities.EntityCollectionBuilder: built collection of 2500 entities with type EntityType[item] and 2 indexes
23:21:01.080 DEBUG [main] org.lenskit.data.entities.EntityCollectionBuilder: built collection of 264505 entities with type EntityType[rating] and 2 indexes
23:21:01.088 DEBUG [main] org.lenskit.data.entities.EntityCollectionBuilder: built collection of 94875 entities with type EntityType[item-tag] and 2 indexes
23:21:01.089 DEBUG [main] org.lenskit.data.entities.EntityCollectionBuilder: built collection of 862 entities with type EntityType[user] and 2 indexes
23:21:01.101 INFO [main] org.lenskit.cli.commands.Recommend: recommending for 1 users
23:21:01.112 DEBUG [main] org.lenskit.basic.TopNItemRecommender: computing effective candidates for user 320 from 2500 candidates and 62 excluded items
23:21:01.115 DEBUG [main] org.lenskit.basic.TopNItemRecommender: Computing 10 recommendations for user 320 from 2438 candidates
23:21:01.372 INFO [main] org.lenskit.cli.commands.Recommend: recommended for 1 users in 270.3 ms
23:21:01.372 INFO [main] org.lenskit.cli.Main: If you use LensKit in published research, please see http://lenskit.org/research/
