22:26:19.206 INFO [main] org.lenskit.cli.Main: Starting LensKit 3.0-M1 on Java 1.8.0_171 from Oracle Corporation
22:26:19.239 DEBUG [main] org.lenskit.LenskitInfo: have 5573 active revisions
22:26:19.245 DEBUG [main] org.lenskit.cli.Main: Built from Git revision c0210fa3281ef8b15b0959bcd5fced43c5fec38a
22:26:19.245 DEBUG [main] org.lenskit.cli.Main: Using VM 'Java HotSpot(TM) 64-Bit Server VM' version 25.171-b11 from Oracle Corporation
22:26:19.245 INFO [main] org.lenskit.cli.Main: Have 8 processors and heap limit of 3641 MiB
22:26:19.258 INFO [main] org.lenskit.cli.util.RecommenderLoader: creating fresh recommender
22:26:19.538 INFO [main] org.lenskit.config.ConfigurationLoader: loading script from file:/Users/panzichen/Recommender%20System/Cousera%20Specialization/HW/02-Content-Based/cbf-assignment/etc/basic.groovy
22:26:20.110 DEBUG [main] org.lenskit.data.dao.file.TextEntitySource: loading source ratings with base URI file:/Users/panzichen/Recommender%20System/Cousera%20Specialization/HW/02-Content-Based/cbf-assignment/data/movielens.yml
22:26:20.110 DEBUG [main] org.lenskit.data.dao.file.TextEntitySource: resolved file URI: file:/Users/panzichen/Recommender%20System/Cousera%20Specialization/HW/02-Content-Based/cbf-assignment/data/ratings.csv
22:26:20.120 INFO [main] org.lenskit.data.dao.file.TextEntitySource: loading text file source ratings to read from file:/Users/panzichen/Recommender%20System/Cousera%20Specialization/HW/02-Content-Based/cbf-assignment/data/ratings.csv
22:26:20.124 DEBUG [main] org.lenskit.data.dao.file.TextEntitySource: ratings: using delimiter ,
22:26:20.125 DEBUG [main] org.lenskit.data.dao.file.TextEntitySource: ratings: reading header
22:26:20.125 DEBUG [main] org.lenskit.data.dao.file.TextEntitySource: ratings: reading entities of type EntityType[rating]
22:26:20.173 DEBUG [main] org.lenskit.data.dao.file.TextEntitySource: class org.lenskit.data.ratings.RatingBuilder: using entity builder {}
22:26:20.173 DEBUG [main] org.lenskit.data.dao.file.TextEntitySource: loading source movies with base URI file:/Users/panzichen/Recommender%20System/Cousera%20Specialization/HW/02-Content-Based/cbf-assignment/data/movielens.yml
22:26:20.173 DEBUG [main] org.lenskit.data.dao.file.TextEntitySource: resolved file URI: file:/Users/panzichen/Recommender%20System/Cousera%20Specialization/HW/02-Content-Based/cbf-assignment/data/movies.csv
22:26:20.173 INFO [main] org.lenskit.data.dao.file.TextEntitySource: loading text file source movies to read from file:/Users/panzichen/Recommender%20System/Cousera%20Specialization/HW/02-Content-Based/cbf-assignment/data/movies.csv
22:26:20.174 DEBUG [main] org.lenskit.data.dao.file.TextEntitySource: movies: using delimiter ,
22:26:20.174 DEBUG [main] org.lenskit.data.dao.file.TextEntitySource: movies: reading header
22:26:20.174 DEBUG [main] org.lenskit.data.dao.file.TextEntitySource: movies: reading entities of type EntityType[item]
22:26:20.174 DEBUG [main] org.lenskit.data.dao.file.TextEntitySource: class org.lenskit.data.entities.BasicEntityBuilder: using entity builder {}
22:26:20.174 DEBUG [main] org.lenskit.data.dao.file.TextEntitySource: loading source tags with base URI file:/Users/panzichen/Recommender%20System/Cousera%20Specialization/HW/02-Content-Based/cbf-assignment/data/movielens.yml
22:26:20.174 DEBUG [main] org.lenskit.data.dao.file.TextEntitySource: resolved file URI: file:/Users/panzichen/Recommender%20System/Cousera%20Specialization/HW/02-Content-Based/cbf-assignment/data/tags.csv
22:26:20.174 INFO [main] org.lenskit.data.dao.file.TextEntitySource: loading text file source tags to read from file:/Users/panzichen/Recommender%20System/Cousera%20Specialization/HW/02-Content-Based/cbf-assignment/data/tags.csv
22:26:20.175 DEBUG [main] org.lenskit.data.dao.file.TextEntitySource: tags: using delimiter ,
22:26:20.175 DEBUG [main] org.lenskit.data.dao.file.TextEntitySource: tags: reading header
22:26:20.175 DEBUG [main] org.lenskit.data.dao.file.TextEntitySource: tags: reading entities of type EntityType[item-tag]
22:26:20.177 DEBUG [main] org.lenskit.data.dao.file.TextEntitySource: class org.lenskit.data.entities.BasicEntityBuilder: using entity builder {}
22:26:20.187 DEBUG [main] org.lenskit.LenskitRecommenderEngineBuilder: building graph from 3 configurations
22:26:20.255 DEBUG [main] org.lenskit.inject.RecommenderInstantiator: replacing nodes in graph with 14 nodes
22:26:20.260 DEBUG [main] org.lenskit.inject.RecommenderInstantiator: found 4 shared nodes
22:26:21.568 INFO [main] org.lenskit.data.dao.file.StaticDataSource: deriving entity type EntityType[user] from EntityType[rating] (column TypedName[user: long])
22:26:21.670 INFO [main] org.lenskit.data.dao.file.StaticDataSource: deriving entity type EntityType[item] from EntityType[rating] (column TypedName[item: long])
22:26:21.707 INFO [main] org.lenskit.data.dao.file.StaticDataSource: deriving entity type EntityType[user] from EntityType[item-tag] (column TypedName[user: long])
22:26:21.732 INFO [main] org.lenskit.data.dao.file.StaticDataSource: deriving entity type EntityType[item] from EntityType[item-tag] (column TypedName[item: long])
22:26:21.759 DEBUG [main] org.lenskit.data.entities.EntityCollectionBuilder: built collection of 2500 entities with type EntityType[item] and 2 indexes
22:26:21.794 DEBUG [main] org.lenskit.data.entities.EntityCollectionBuilder: built collection of 264505 entities with type EntityType[rating] and 2 indexes
22:26:21.806 DEBUG [main] org.lenskit.data.entities.EntityCollectionBuilder: built collection of 94875 entities with type EntityType[item-tag] and 2 indexes
22:26:21.807 DEBUG [main] org.lenskit.data.entities.EntityCollectionBuilder: built collection of 862 entities with type EntityType[user] and 2 indexes
22:26:21.818 INFO [main] org.lenskit.mooc.cbf.TFIDFModelProvider: Building TF-IDF model
22:26:21.911 INFO [main] org.lenskit.mooc.cbf.TFIDFModelProvider: Computed TF vectors for 2500 items
22:26:21.967 DEBUG [main] org.lenskit.inject.RecommenderInstantiator: final graph has 14 nodes
22:26:21.969 INFO [main] org.lenskit.cli.util.RecommenderLoader: built recommender in 1.782 s
22:26:21.979 INFO [main] org.lenskit.cli.commands.Recommend: recommending for 1 users
22:26:21.991 DEBUG [main] org.lenskit.basic.TopNItemRecommender: computing effective candidates for user 320 from 2500 candidates and 62 excluded items
22:26:21.994 DEBUG [main] org.lenskit.basic.TopNItemRecommender: Computing 10 recommendations for user 320 from 2438 candidates
22:26:22.205 INFO [main] org.lenskit.cli.commands.Recommend: recommended for 1 users in 225.0 ms
22:26:22.205 INFO [main] org.lenskit.cli.Main: If you use LensKit in published research, please see http://lenskit.org/research/
