22:27:21.842 INFO [main] org.lenskit.cli.Main: Starting LensKit 3.0-M1 on Java 1.8.0_171 from Oracle Corporation
22:27:21.866 DEBUG [main] org.lenskit.LenskitInfo: have 5573 active revisions
22:27:21.872 DEBUG [main] org.lenskit.cli.Main: Built from Git revision c0210fa3281ef8b15b0959bcd5fced43c5fec38a
22:27:21.872 DEBUG [main] org.lenskit.cli.Main: Using VM 'Java HotSpot(TM) 64-Bit Server VM' version 25.171-b11 from Oracle Corporation
22:27:21.872 INFO [main] org.lenskit.cli.Main: Have 8 processors and heap limit of 3641 MiB
22:27:21.882 INFO [main] org.lenskit.cli.util.RecommenderLoader: creating fresh recommender
22:27:22.300 INFO [main] org.lenskit.config.ConfigurationLoader: loading script from file:/Users/panzichen/Recommender%20System/Cousera%20Specialization/HW/02-Content-Based/cbf-assignment/etc/weighted.groovy
22:27:22.877 DEBUG [main] org.lenskit.data.dao.file.TextEntitySource: loading source ratings with base URI file:/Users/panzichen/Recommender%20System/Cousera%20Specialization/HW/02-Content-Based/cbf-assignment/data/movielens.yml
22:27:22.877 DEBUG [main] org.lenskit.data.dao.file.TextEntitySource: resolved file URI: file:/Users/panzichen/Recommender%20System/Cousera%20Specialization/HW/02-Content-Based/cbf-assignment/data/ratings.csv
22:27:22.885 INFO [main] org.lenskit.data.dao.file.TextEntitySource: loading text file source ratings to read from file:/Users/panzichen/Recommender%20System/Cousera%20Specialization/HW/02-Content-Based/cbf-assignment/data/ratings.csv
22:27:22.890 DEBUG [main] org.lenskit.data.dao.file.TextEntitySource: ratings: using delimiter ,
22:27:22.890 DEBUG [main] org.lenskit.data.dao.file.TextEntitySource: ratings: reading header
22:27:22.890 DEBUG [main] org.lenskit.data.dao.file.TextEntitySource: ratings: reading entities of type EntityType[rating]
22:27:22.938 DEBUG [main] org.lenskit.data.dao.file.TextEntitySource: class org.lenskit.data.ratings.RatingBuilder: using entity builder {}
22:27:22.938 DEBUG [main] org.lenskit.data.dao.file.TextEntitySource: loading source movies with base URI file:/Users/panzichen/Recommender%20System/Cousera%20Specialization/HW/02-Content-Based/cbf-assignment/data/movielens.yml
22:27:22.938 DEBUG [main] org.lenskit.data.dao.file.TextEntitySource: resolved file URI: file:/Users/panzichen/Recommender%20System/Cousera%20Specialization/HW/02-Content-Based/cbf-assignment/data/movies.csv
22:27:22.939 INFO [main] org.lenskit.data.dao.file.TextEntitySource: loading text file source movies to read from file:/Users/panzichen/Recommender%20System/Cousera%20Specialization/HW/02-Content-Based/cbf-assignment/data/movies.csv
22:27:22.939 DEBUG [main] org.lenskit.data.dao.file.TextEntitySource: movies: using delimiter ,
22:27:22.939 DEBUG [main] org.lenskit.data.dao.file.TextEntitySource: movies: reading header
22:27:22.939 DEBUG [main] org.lenskit.data.dao.file.TextEntitySource: movies: reading entities of type EntityType[item]
22:27:22.939 DEBUG [main] org.lenskit.data.dao.file.TextEntitySource: class org.lenskit.data.entities.BasicEntityBuilder: using entity builder {}
22:27:22.939 DEBUG [main] org.lenskit.data.dao.file.TextEntitySource: loading source tags with base URI file:/Users/panzichen/Recommender%20System/Cousera%20Specialization/HW/02-Content-Based/cbf-assignment/data/movielens.yml
22:27:22.939 DEBUG [main] org.lenskit.data.dao.file.TextEntitySource: resolved file URI: file:/Users/panzichen/Recommender%20System/Cousera%20Specialization/HW/02-Content-Based/cbf-assignment/data/tags.csv
22:27:22.939 INFO [main] org.lenskit.data.dao.file.TextEntitySource: loading text file source tags to read from file:/Users/panzichen/Recommender%20System/Cousera%20Specialization/HW/02-Content-Based/cbf-assignment/data/tags.csv
22:27:22.939 DEBUG [main] org.lenskit.data.dao.file.TextEntitySource: tags: using delimiter ,
22:27:22.939 DEBUG [main] org.lenskit.data.dao.file.TextEntitySource: tags: reading header
22:27:22.939 DEBUG [main] org.lenskit.data.dao.file.TextEntitySource: tags: reading entities of type EntityType[item-tag]
22:27:22.942 DEBUG [main] org.lenskit.data.dao.file.TextEntitySource: class org.lenskit.data.entities.BasicEntityBuilder: using entity builder {}
22:27:22.948 DEBUG [main] org.lenskit.LenskitRecommenderEngineBuilder: building graph from 3 configurations
22:27:23.035 DEBUG [main] org.lenskit.inject.RecommenderInstantiator: replacing nodes in graph with 14 nodes
22:27:23.041 DEBUG [main] org.lenskit.inject.RecommenderInstantiator: found 4 shared nodes
22:27:24.179 INFO [main] org.lenskit.data.dao.file.StaticDataSource: deriving entity type EntityType[user] from EntityType[rating] (column TypedName[user: long])
22:27:24.523 INFO [main] org.lenskit.data.dao.file.StaticDataSource: deriving entity type EntityType[item] from EntityType[rating] (column TypedName[item: long])
22:27:24.568 INFO [main] org.lenskit.data.dao.file.StaticDataSource: deriving entity type EntityType[user] from EntityType[item-tag] (column TypedName[user: long])
22:27:24.595 INFO [main] org.lenskit.data.dao.file.StaticDataSource: deriving entity type EntityType[item] from EntityType[item-tag] (column TypedName[item: long])
22:27:24.621 DEBUG [main] org.lenskit.data.entities.EntityCollectionBuilder: built collection of 2500 entities with type EntityType[item] and 2 indexes
22:27:24.648 DEBUG [main] org.lenskit.data.entities.EntityCollectionBuilder: built collection of 264505 entities with type EntityType[rating] and 2 indexes
22:27:24.664 DEBUG [main] org.lenskit.data.entities.EntityCollectionBuilder: built collection of 94875 entities with type EntityType[item-tag] and 2 indexes
22:27:24.664 DEBUG [main] org.lenskit.data.entities.EntityCollectionBuilder: built collection of 862 entities with type EntityType[user] and 2 indexes
22:27:24.672 INFO [main] org.lenskit.mooc.cbf.TFIDFModelProvider: Building TF-IDF model
22:27:24.774 INFO [main] org.lenskit.mooc.cbf.TFIDFModelProvider: Computed TF vectors for 2500 items
22:27:24.836 DEBUG [main] org.lenskit.inject.RecommenderInstantiator: final graph has 14 nodes
22:27:24.837 INFO [main] org.lenskit.cli.util.RecommenderLoader: built recommender in 1.890 s
22:27:24.848 INFO [main] org.lenskit.cli.commands.Recommend: recommending for 1 users
22:27:24.863 DEBUG [main] org.lenskit.basic.TopNItemRecommender: computing effective candidates for user 320 from 2500 candidates and 62 excluded items
22:27:24.866 DEBUG [main] org.lenskit.basic.TopNItemRecommender: Computing 10 recommendations for user 320 from 2438 candidates
22:27:25.062 INFO [main] org.lenskit.cli.commands.Recommend: recommended for 1 users in 212.8 ms
22:27:25.062 INFO [main] org.lenskit.cli.Main: If you use LensKit in published research, please see http://lenskit.org/research/
