23:00:34.528 INFO [main] org.lenskit.cli.Main: Starting LensKit 3.0-M2 on Java 1.8.0_171 from Oracle Corporation
23:00:34.547 DEBUG [main] org.lenskit.LenskitInfo: have 5655 active revisions
23:00:34.551 DEBUG [main] org.lenskit.cli.Main: Built from Git revision 0c68ad209f38816e66497a656f777a3c1484778d
23:00:34.552 DEBUG [main] org.lenskit.cli.Main: Using VM 'Java HotSpot(TM) 64-Bit Server VM' version 25.171-b11 from Oracle Corporation
23:00:34.552 INFO [main] org.lenskit.cli.Main: Have 8 processors and heap limit of 3641 MiB
23:00:34.562 INFO [main] org.lenskit.cli.util.RecommenderLoader: creating fresh recommender
23:00:34.782 INFO [main] org.lenskit.config.ConfigurationLoader: loading script from file:/Users/panzichen/Recommender%20System/Cousera%20Specialization/HW/06-Matrix-Factorization/svd-assignment/etc/svd.groovy
23:00:35.061 INFO [main] org.lenskit.config.ConfigurationLoader: loading script from file:/Users/panzichen/Recommender%20System/Cousera%20Specialization/HW/06-Matrix-Factorization/svd-assignment/etc/item-bias.groovy
23:00:35.206 DEBUG [main] org.lenskit.data.dao.file.TextEntitySource: loading source ratings with base URI file:/Users/panzichen/Recommender%20System/Cousera%20Specialization/HW/06-Matrix-Factorization/svd-assignment/data/movielens.yml
23:00:35.206 DEBUG [main] org.lenskit.data.dao.file.TextEntitySource: resolved file URI: file:/Users/panzichen/Recommender%20System/Cousera%20Specialization/HW/06-Matrix-Factorization/svd-assignment/data/ratings.csv
23:00:35.213 INFO [main] org.lenskit.data.dao.file.TextEntitySource: loading text file source ratings to read from file:/Users/panzichen/Recommender%20System/Cousera%20Specialization/HW/06-Matrix-Factorization/svd-assignment/data/ratings.csv
23:00:35.217 DEBUG [main] org.lenskit.data.dao.file.TextEntitySource: ratings: using delimiter ,
23:00:35.217 DEBUG [main] org.lenskit.data.dao.file.TextEntitySource: ratings: reading header
23:00:35.217 DEBUG [main] org.lenskit.data.dao.file.TextEntitySource: ratings: reading entities of type EntityType[rating]
23:00:35.250 DEBUG [main] org.lenskit.data.dao.file.TextEntitySource: class org.lenskit.data.ratings.RatingBuilder: using entity builder {}
23:00:35.250 DEBUG [main] org.lenskit.data.dao.file.TextEntitySource: loading source movies with base URI file:/Users/panzichen/Recommender%20System/Cousera%20Specialization/HW/06-Matrix-Factorization/svd-assignment/data/movielens.yml
23:00:35.250 DEBUG [main] org.lenskit.data.dao.file.TextEntitySource: resolved file URI: file:/Users/panzichen/Recommender%20System/Cousera%20Specialization/HW/06-Matrix-Factorization/svd-assignment/data/movies.csv
23:00:35.250 INFO [main] org.lenskit.data.dao.file.TextEntitySource: loading text file source movies to read from file:/Users/panzichen/Recommender%20System/Cousera%20Specialization/HW/06-Matrix-Factorization/svd-assignment/data/movies.csv
23:00:35.250 DEBUG [main] org.lenskit.data.dao.file.TextEntitySource: movies: using delimiter ,
23:00:35.250 DEBUG [main] org.lenskit.data.dao.file.TextEntitySource: movies: reading header
23:00:35.250 DEBUG [main] org.lenskit.data.dao.file.TextEntitySource: movies: reading entities of type EntityType[item]
23:00:35.250 DEBUG [main] org.lenskit.data.dao.file.TextEntitySource: class org.lenskit.data.entities.BasicEntityBuilder: using entity builder {}
23:00:35.250 DEBUG [main] org.lenskit.data.dao.file.TextEntitySource: loading source tags with base URI file:/Users/panzichen/Recommender%20System/Cousera%20Specialization/HW/06-Matrix-Factorization/svd-assignment/data/movielens.yml
23:00:35.250 DEBUG [main] org.lenskit.data.dao.file.TextEntitySource: resolved file URI: file:/Users/panzichen/Recommender%20System/Cousera%20Specialization/HW/06-Matrix-Factorization/svd-assignment/data/tags.csv
23:00:35.250 INFO [main] org.lenskit.data.dao.file.TextEntitySource: loading text file source tags to read from file:/Users/panzichen/Recommender%20System/Cousera%20Specialization/HW/06-Matrix-Factorization/svd-assignment/data/tags.csv
23:00:35.251 DEBUG [main] org.lenskit.data.dao.file.TextEntitySource: tags: using delimiter ,
23:00:35.251 DEBUG [main] org.lenskit.data.dao.file.TextEntitySource: tags: reading header
23:00:35.251 DEBUG [main] org.lenskit.data.dao.file.TextEntitySource: tags: reading entities of type EntityType[item-tag]
23:00:35.251 DEBUG [main] org.lenskit.data.dao.file.TextEntitySource: class org.lenskit.data.entities.BasicEntityBuilder: using entity builder {}
23:00:35.255 DEBUG [main] org.lenskit.LenskitRecommenderEngineBuilder: building graph from 4 configurations
23:00:35.320 DEBUG [main] org.lenskit.inject.RecommenderInstantiator: replacing nodes in graph with 16 nodes
23:00:35.324 DEBUG [main] org.lenskit.inject.RecommenderInstantiator: found 7 shared nodes
23:00:37.540 INFO [main] org.lenskit.data.dao.file.StaticDataSource: deriving entity type EntityType[user] from EntityType[rating] (column TypedName[user: long])
23:00:37.602 INFO [main] org.lenskit.data.dao.file.StaticDataSource: deriving entity type EntityType[item] from EntityType[rating] (column TypedName[item: long])
23:00:37.641 DEBUG [main] org.lenskit.data.entities.EntityCollectionBuilder: built collection of 2500 entities with type EntityType[item] and 2 indexes
23:00:37.663 DEBUG [main] org.lenskit.data.entities.EntityCollectionBuilder: built collection of 264505 entities with type EntityType[rating] and 2 indexes
23:00:37.676 DEBUG [main] org.lenskit.data.entities.EntityCollectionBuilder: built collection of 94875 entities with type EntityType[item-tag] and 2 indexes
23:00:37.677 DEBUG [main] org.lenskit.data.entities.EntityCollectionBuilder: built collection of 862 entities with type EntityType[user] and 2 indexes
23:00:37.804 INFO [main] org.lenskit.data.ratings.RatingSummaryProvider: summarized 2500 items with 264505 ratings
23:00:37.819 INFO [main] org.lenskit.mooc.svd.SVDModelBuilder: creating 862 by 2500 rating matrix
23:00:37.894 INFO [main] org.lenskit.mooc.svd.SVDModelBuilder: factorizing matrix
23:01:32.807 INFO [main] org.lenskit.mooc.svd.SVDModelBuilder: decomposed matrix has rank 861
23:01:32.810 INFO [main] org.lenskit.mooc.svd.SVDModelBuilder: truncating matrix to 25 features
23:01:32.811 DEBUG [main] org.lenskit.inject.RecommenderInstantiator: final graph has 16 nodes
23:01:32.812 INFO [main] org.lenskit.cli.util.RecommenderLoader: built recommender in 57.56 s
23:01:32.816 INFO [main] org.lenskit.cli.commands.Recommend: recommending for 1 users
23:01:32.820 DEBUG [main] org.lenskit.basic.TopNItemRecommender: computing effective candidates for user 320 from 2500 candidates and 62 excluded items
23:01:32.820 DEBUG [main] org.lenskit.basic.TopNItemRecommender: Computing 10 recommendations for user 320 from 2438 candidates
23:01:32.835 INFO [main] org.lenskit.cli.commands.Recommend: recommended for 1 users in 19.28 ms
23:01:32.836 INFO [main] org.lenskit.cli.Main: If you use LensKit in published research, please see http://lenskit.org/research/
