22:27:48.775 INFO [main] org.lenskit.cli.Main: Starting LensKit 3.0-M1 on Java 1.8.0_171 from Oracle Corporation
22:27:48.795 DEBUG [main] org.lenskit.LenskitInfo: have 5573 active revisions
22:27:48.799 DEBUG [main] org.lenskit.cli.Main: Built from Git revision c0210fa3281ef8b15b0959bcd5fced43c5fec38a
22:27:48.800 DEBUG [main] org.lenskit.cli.Main: Using VM 'Java HotSpot(TM) 64-Bit Server VM' version 25.171-b11 from Oracle Corporation
22:27:48.800 INFO [main] org.lenskit.cli.Main: Have 8 processors and heap limit of 3641 MiB
22:27:48.815 INFO [main] org.lenskit.cli.util.RecommenderLoader: creating fresh recommender
22:27:49.038 INFO [main] org.lenskit.config.ConfigurationLoader: loading script from file:/Users/panzichen/Recommender%20System/Cousera%20Specialization/HW/04-Item-Item-Collaborative-Filtering/ii-assignment/etc/item-item.groovy
22:27:49.431 DEBUG [main] org.lenskit.data.dao.file.TextEntitySource: loading source ratings with base URI file:/Users/panzichen/Recommender%20System/Cousera%20Specialization/HW/04-Item-Item-Collaborative-Filtering/ii-assignment/data/movielens.yml
22:27:49.431 DEBUG [main] org.lenskit.data.dao.file.TextEntitySource: resolved file URI: file:/Users/panzichen/Recommender%20System/Cousera%20Specialization/HW/04-Item-Item-Collaborative-Filtering/ii-assignment/data/ratings.csv
22:27:49.438 INFO [main] org.lenskit.data.dao.file.TextEntitySource: loading text file source ratings to read from file:/Users/panzichen/Recommender%20System/Cousera%20Specialization/HW/04-Item-Item-Collaborative-Filtering/ii-assignment/data/ratings.csv
22:27:49.442 DEBUG [main] org.lenskit.data.dao.file.TextEntitySource: ratings: using delimiter ,
22:27:49.442 DEBUG [main] org.lenskit.data.dao.file.TextEntitySource: ratings: reading header
22:27:49.442 DEBUG [main] org.lenskit.data.dao.file.TextEntitySource: ratings: reading entities of type EntityType[rating]
22:27:49.485 DEBUG [main] org.lenskit.data.dao.file.TextEntitySource: class org.lenskit.data.ratings.RatingBuilder: using entity builder {}
22:27:49.485 DEBUG [main] org.lenskit.data.dao.file.TextEntitySource: loading source movies with base URI file:/Users/panzichen/Recommender%20System/Cousera%20Specialization/HW/04-Item-Item-Collaborative-Filtering/ii-assignment/data/movielens.yml
22:27:49.485 DEBUG [main] org.lenskit.data.dao.file.TextEntitySource: resolved file URI: file:/Users/panzichen/Recommender%20System/Cousera%20Specialization/HW/04-Item-Item-Collaborative-Filtering/ii-assignment/data/movies.csv
22:27:49.485 INFO [main] org.lenskit.data.dao.file.TextEntitySource: loading text file source movies to read from file:/Users/panzichen/Recommender%20System/Cousera%20Specialization/HW/04-Item-Item-Collaborative-Filtering/ii-assignment/data/movies.csv
22:27:49.486 DEBUG [main] org.lenskit.data.dao.file.TextEntitySource: movies: using delimiter ,
22:27:49.486 DEBUG [main] org.lenskit.data.dao.file.TextEntitySource: movies: reading header
22:27:49.486 DEBUG [main] org.lenskit.data.dao.file.TextEntitySource: movies: reading entities of type EntityType[item]
22:27:49.486 DEBUG [main] org.lenskit.data.dao.file.TextEntitySource: class org.lenskit.data.entities.BasicEntityBuilder: using entity builder {}
22:27:49.486 DEBUG [main] org.lenskit.data.dao.file.TextEntitySource: loading source tags with base URI file:/Users/panzichen/Recommender%20System/Cousera%20Specialization/HW/04-Item-Item-Collaborative-Filtering/ii-assignment/data/movielens.yml
22:27:49.486 DEBUG [main] org.lenskit.data.dao.file.TextEntitySource: resolved file URI: file:/Users/panzichen/Recommender%20System/Cousera%20Specialization/HW/04-Item-Item-Collaborative-Filtering/ii-assignment/data/tags.csv
22:27:49.486 INFO [main] org.lenskit.data.dao.file.TextEntitySource: loading text file source tags to read from file:/Users/panzichen/Recommender%20System/Cousera%20Specialization/HW/04-Item-Item-Collaborative-Filtering/ii-assignment/data/tags.csv
22:27:49.486 DEBUG [main] org.lenskit.data.dao.file.TextEntitySource: tags: using delimiter ,
22:27:49.486 DEBUG [main] org.lenskit.data.dao.file.TextEntitySource: tags: reading header
22:27:49.486 DEBUG [main] org.lenskit.data.dao.file.TextEntitySource: tags: reading entities of type EntityType[item-tag]
22:27:49.487 DEBUG [main] org.lenskit.data.dao.file.TextEntitySource: class org.lenskit.data.entities.BasicEntityBuilder: using entity builder {}
22:27:49.491 DEBUG [main] org.lenskit.LenskitRecommenderEngineBuilder: building graph from 3 configurations
22:27:49.539 DEBUG [main] org.lenskit.inject.RecommenderInstantiator: replacing nodes in graph with 13 nodes
22:27:49.544 DEBUG [main] org.lenskit.inject.RecommenderInstantiator: found 2 shared nodes
22:27:50.554 INFO [main] org.lenskit.data.dao.file.StaticDataSource: deriving entity type EntityType[user] from EntityType[rating] (column TypedName[user: long])
22:27:50.636 INFO [main] org.lenskit.data.dao.file.StaticDataSource: deriving entity type EntityType[item] from EntityType[rating] (column TypedName[item: long])
22:27:50.670 DEBUG [main] org.lenskit.data.entities.EntityCollectionBuilder: built collection of 2500 entities with type EntityType[item] and 2 indexes
22:27:50.688 DEBUG [main] org.lenskit.data.entities.EntityCollectionBuilder: built collection of 264505 entities with type EntityType[rating] and 2 indexes
22:27:50.697 DEBUG [main] org.lenskit.data.entities.EntityCollectionBuilder: built collection of 94875 entities with type EntityType[item-tag] and 2 indexes
22:27:50.697 DEBUG [main] org.lenskit.data.entities.EntityCollectionBuilder: built collection of 862 entities with type EntityType[user] and 2 indexes
22:28:13.201 DEBUG [main] org.lenskit.inject.RecommenderInstantiator: final graph has 13 nodes
22:28:13.202 INFO [main] org.lenskit.cli.util.RecommenderLoader: built recommender in 23.71 s
22:28:13.206 INFO [main] org.lenskit.cli.commands.GlobalRecommend: using 4 reference items: [153, 260, 527, 588]
22:28:13.236 INFO [main] org.lenskit.cli.commands.GlobalRecommend: recommended in 29.89 ms
22:28:13.237 INFO [main] org.lenskit.cli.Main: If you use LensKit in published research, please see http://lenskit.org/research/
