22:25:59.311 INFO [main] org.lenskit.cli.Main: Starting LensKit 3.0-M1 on Java 1.8.0_171 from Oracle Corporation
22:25:59.330 DEBUG [main] org.lenskit.LenskitInfo: have 5573 active revisions
22:25:59.334 DEBUG [main] org.lenskit.cli.Main: Built from Git revision c0210fa3281ef8b15b0959bcd5fced43c5fec38a
22:25:59.334 DEBUG [main] org.lenskit.cli.Main: Using VM 'Java HotSpot(TM) 64-Bit Server VM' version 25.171-b11 from Oracle Corporation
22:25:59.334 INFO [main] org.lenskit.cli.Main: Have 8 processors and heap limit of 3641 MiB
22:25:59.344 INFO [main] org.lenskit.cli.util.RecommenderLoader: creating fresh recommender
22:25:59.631 INFO [main] org.lenskit.config.ConfigurationLoader: loading script from file:/Users/panzichen/Recommender%20System/Cousera%20Specialization/HW/04-Item-Item-Collaborative-Filtering/ii-assignment/etc/item-item.groovy
22:26:00.107 DEBUG [main] org.lenskit.data.dao.file.TextEntitySource: loading source ratings with base URI file:/Users/panzichen/Recommender%20System/Cousera%20Specialization/HW/04-Item-Item-Collaborative-Filtering/ii-assignment/data/movielens.yml
22:26:00.107 DEBUG [main] org.lenskit.data.dao.file.TextEntitySource: resolved file URI: file:/Users/panzichen/Recommender%20System/Cousera%20Specialization/HW/04-Item-Item-Collaborative-Filtering/ii-assignment/data/ratings.csv
22:26:00.114 INFO [main] org.lenskit.data.dao.file.TextEntitySource: loading text file source ratings to read from file:/Users/panzichen/Recommender%20System/Cousera%20Specialization/HW/04-Item-Item-Collaborative-Filtering/ii-assignment/data/ratings.csv
22:26:00.118 DEBUG [main] org.lenskit.data.dao.file.TextEntitySource: ratings: using delimiter ,
22:26:00.118 DEBUG [main] org.lenskit.data.dao.file.TextEntitySource: ratings: reading header
22:26:00.118 DEBUG [main] org.lenskit.data.dao.file.TextEntitySource: ratings: reading entities of type EntityType[rating]
22:26:00.151 DEBUG [main] org.lenskit.data.dao.file.TextEntitySource: class org.lenskit.data.ratings.RatingBuilder: using entity builder {}
22:26:00.151 DEBUG [main] org.lenskit.data.dao.file.TextEntitySource: loading source movies with base URI file:/Users/panzichen/Recommender%20System/Cousera%20Specialization/HW/04-Item-Item-Collaborative-Filtering/ii-assignment/data/movielens.yml
22:26:00.151 DEBUG [main] org.lenskit.data.dao.file.TextEntitySource: resolved file URI: file:/Users/panzichen/Recommender%20System/Cousera%20Specialization/HW/04-Item-Item-Collaborative-Filtering/ii-assignment/data/movies.csv
22:26:00.151 INFO [main] org.lenskit.data.dao.file.TextEntitySource: loading text file source movies to read from file:/Users/panzichen/Recommender%20System/Cousera%20Specialization/HW/04-Item-Item-Collaborative-Filtering/ii-assignment/data/movies.csv
22:26:00.151 DEBUG [main] org.lenskit.data.dao.file.TextEntitySource: movies: using delimiter ,
22:26:00.151 DEBUG [main] org.lenskit.data.dao.file.TextEntitySource: movies: reading header
22:26:00.151 DEBUG [main] org.lenskit.data.dao.file.TextEntitySource: movies: reading entities of type EntityType[item]
22:26:00.152 DEBUG [main] org.lenskit.data.dao.file.TextEntitySource: class org.lenskit.data.entities.BasicEntityBuilder: using entity builder {}
22:26:00.152 DEBUG [main] org.lenskit.data.dao.file.TextEntitySource: loading source tags with base URI file:/Users/panzichen/Recommender%20System/Cousera%20Specialization/HW/04-Item-Item-Collaborative-Filtering/ii-assignment/data/movielens.yml
22:26:00.152 DEBUG [main] org.lenskit.data.dao.file.TextEntitySource: resolved file URI: file:/Users/panzichen/Recommender%20System/Cousera%20Specialization/HW/04-Item-Item-Collaborative-Filtering/ii-assignment/data/tags.csv
22:26:00.152 INFO [main] org.lenskit.data.dao.file.TextEntitySource: loading text file source tags to read from file:/Users/panzichen/Recommender%20System/Cousera%20Specialization/HW/04-Item-Item-Collaborative-Filtering/ii-assignment/data/tags.csv
22:26:00.152 DEBUG [main] org.lenskit.data.dao.file.TextEntitySource: tags: using delimiter ,
22:26:00.152 DEBUG [main] org.lenskit.data.dao.file.TextEntitySource: tags: reading header
22:26:00.152 DEBUG [main] org.lenskit.data.dao.file.TextEntitySource: tags: reading entities of type EntityType[item-tag]
22:26:00.152 DEBUG [main] org.lenskit.data.dao.file.TextEntitySource: class org.lenskit.data.entities.BasicEntityBuilder: using entity builder {}
22:26:00.157 DEBUG [main] org.lenskit.LenskitRecommenderEngineBuilder: building graph from 3 configurations
22:26:00.210 DEBUG [main] org.lenskit.inject.RecommenderInstantiator: replacing nodes in graph with 13 nodes
22:26:00.214 DEBUG [main] org.lenskit.inject.RecommenderInstantiator: found 2 shared nodes
22:26:00.923 INFO [main] org.lenskit.data.dao.file.StaticDataSource: deriving entity type EntityType[user] from EntityType[rating] (column TypedName[user: long])
22:26:01.014 INFO [main] org.lenskit.data.dao.file.StaticDataSource: deriving entity type EntityType[item] from EntityType[rating] (column TypedName[item: long])
22:26:01.099 DEBUG [main] org.lenskit.data.entities.EntityCollectionBuilder: built collection of 2500 entities with type EntityType[item] and 2 indexes
22:26:01.116 DEBUG [main] org.lenskit.data.entities.EntityCollectionBuilder: built collection of 264505 entities with type EntityType[rating] and 2 indexes
22:26:01.123 DEBUG [main] org.lenskit.data.entities.EntityCollectionBuilder: built collection of 94875 entities with type EntityType[item-tag] and 2 indexes
22:26:01.124 DEBUG [main] org.lenskit.data.entities.EntityCollectionBuilder: built collection of 862 entities with type EntityType[user] and 2 indexes
22:26:23.892 DEBUG [main] org.lenskit.inject.RecommenderInstantiator: final graph has 13 nodes
22:26:23.905 INFO [main] org.lenskit.cli.util.RecommenderLoader: built recommender in 23.75 s
22:26:23.911 INFO [main] org.lenskit.cli.commands.Recommend: recommending for 1 users
22:26:23.920 DEBUG [main] org.lenskit.basic.TopNItemRecommender: computing effective candidates for user 320 from 2500 candidates and 62 excluded items
22:26:23.922 DEBUG [main] org.lenskit.basic.TopNItemRecommender: Computing 10 recommendations for user 320 from 2438 candidates
22:26:24.775 INFO [main] org.lenskit.cli.commands.Recommend: recommended for 1 users in 863.7 ms
22:26:24.775 INFO [main] org.lenskit.cli.Main: If you use LensKit in published research, please see http://lenskit.org/research/
